[0m13:45:18.642586 [debug] [MainThread]: Sending event: {'category': 'dbt', 'action': 'invocation', 'label': 'start', 'context': [<snowplow_tracker.self_describing_json.SelfDescribingJson object at 0x10e70ba40>, <snowplow_tracker.self_describing_json.SelfDescribingJson object at 0x10f3058b0>, <snowplow_tracker.self_describing_json.SelfDescribingJson object at 0x10f3054f0>]}


============================== 13:45:18.648695 | daa65289-ac01-4bc0-a6af-762216a6a3c2 ==============================
[0m13:45:18.648695 [info ] [MainThread]: Running with dbt=1.11.11
[0m13:45:18.649434 [debug] [MainThread]: running dbt with arguments {'warn_error': 'None', 'introspect': 'True', 'write_json': 'True', 'use_colors': 'True', 'log_format': 'default', 'debug': 'False', 'target_path': 'None', 'send_anonymous_usage_stats': 'True', 'use_experimental_parser': 'False', 'quiet': 'False', 'indirect_selection': 'eager', 'fail_fast': 'False', 'no_print': 'None', 'invocation_command': 'dbt init esg_radar', 'partial_parse': 'True', 'cache_selected_only': 'False', 'version_check': 'True', 'empty': 'None', 'log_path': 'logs', 'printer_width': '80', 'log_cache_events': 'False', 'profiles_dir': '/Users/macbookair/.dbt', 'warn_error_options': 'WarnErrorOptionsV2(error=[], warn=[], silence=[])', 'static_parser': 'True'}
[0m13:45:18.672020 [info ] [MainThread]: Creating dbt configuration folder at /Users/macbookair/.dbt
[0m13:45:18.674668 [debug] [MainThread]: Starter project path: /Users/macbookair/EPITA/esg-radar/venv/lib/python3.12/site-packages/dbt/include/starter_project
[0m13:45:18.684591 [info ] [MainThread]: 
Your new dbt project "esg_radar" was created!

For more information on how to configure the profiles.yml file,
please consult the dbt documentation here:

  https://docs.getdbt.com/docs/configure-your-profile

One more thing:

Need help? Don't hesitate to reach out to us via GitHub issues or on Slack:

  https://community.getdbt.com/

Happy modeling!

[0m13:45:18.685221 [info ] [MainThread]: Setting up your profile.
[0m13:46:45.890526 [info ] [MainThread]: Profile esg_radar written to /Users/macbookair/.dbt/profiles.yml using target's profile_template.yml and your supplied values. Run 'dbt debug' to validate the connection.
[0m13:46:45.930992 [debug] [MainThread]: Resource report: {"command_name": "init", "command_success": true, "command_wall_clock_time": 87.39364, "process_in_blocks": "0", "process_kernel_time": 0.488527, "process_mem_max_rss": "193761280", "process_out_blocks": "0", "process_user_time": 2.547758}
[0m13:46:45.931890 [debug] [MainThread]: Command `dbt init` succeeded at 13:46:45.931748 after 87.39 seconds
[0m13:46:45.932365 [debug] [MainThread]: Sending event: {'category': 'dbt', 'action': 'invocation', 'label': 'end', 'context': [<snowplow_tracker.self_describing_json.SelfDescribingJson object at 0x10f305670>, <snowplow_tracker.self_describing_json.SelfDescribingJson object at 0x10eb230e0>, <snowplow_tracker.self_describing_json.SelfDescribingJson object at 0x10eff1fa0>]}
[0m13:46:45.932865 [debug] [MainThread]: Flushing usage events
[0m13:46:46.356967 [debug] [MainThread]: An error was encountered while trying to flush usage events
